<?xml version="1.0" encoding="UTF-8"?>
<!-- Generated by org.testng.reporters.JUnitXMLReporter -->
<testsuite ignored="0" hostname="Jagadeesh" failures="0" tests="1" name="Test" time="18.575" errors="0" timestamp="2025-01-06T17:31:10 IST">
  <testcase classname="com.Hrms.base.BasePage" name="@AfterTest close" time="0.0">
    <failure type="java.lang.NullPointerException" message="Cannot invoke &amp;quot;org.openqa.selenium.WebDriver.quit()&amp;quot; because &amp;quot;this.driver&amp;quot; is null">
      <![CDATA[java.lang.NullPointerException: Cannot invoke "org.openqa.selenium.WebDriver.quit()" because "this.driver" is null
at com.Hrms.base.BasePage.close(BasePage.java:23)
... Removed 24 stack frames]]>
    </failure>
  </testcase> <!-- @AfterTest close -->
  <testcase classname="com.Hrms.tests.TestLoginPage" name="verifyLoginPage" time="7.459"/>
</testsuite> <!-- Test -->
