<?xml version="1.0" encoding="UTF-8"?>
<testng-results ignored="7" total="9" passed="2" failed="0" skipped="0">
  <reporter-output>
  </reporter-output>
  <suite started-at="2025-01-07T20:52:48 IST" name="Suite" finished-at="2025-01-07T20:53:13 IST" duration-ms="24663">
    <groups>
    </groups>
    <test started-at="2025-01-07T20:52:48 IST" name="Smoke Testing" finished-at="2025-01-07T20:53:13 IST" duration-ms="24663">
      <class name="com.Hrms.tests.TestPIMPage">
        <test-method is-config="true" signature="setup()[pri:0, instance:com.Hrms.tests.TestPIMPage@6253c26]" started-at="2025-01-07T20:52:48 IST" name="setup" finished-at="2025-01-07T20:52:55 IST" duration-ms="7191" status="PASS">
          <reporter-output>
          </reporter-output>
        </test-method> <!-- setup -->
        <test-method signature="addEmployee()[pri:0, instance:com.Hrms.tests.TestPIMPage@6253c26]" started-at="2025-01-07T20:52:55 IST" name="addEmployee" description="Verify that an employee can be added successfully" finished-at="2025-01-07T20:53:10 IST" duration-ms="15226" status="PASS">
          <reporter-output>
          </reporter-output>
        </test-method> <!-- addEmployee -->
        <test-method signature="editEmploymentStatus()[pri:7, instance:com.Hrms.tests.TestPIMPage@6253c26]" started-at="2025-01-07T20:53:10 IST" name="editEmploymentStatus" description="Verify that the employment status of an employee can be updated" finished-at="2025-01-07T20:53:13 IST" depends-on-methods="com.Hrms.tests.TestPIMPage.addEmployee" duration-ms="2180" status="PASS">
          <reporter-output>
          </reporter-output>
        </test-method> <!-- editEmploymentStatus -->
        <test-method is-config="true" signature="close()[pri:0, instance:com.Hrms.tests.TestPIMPage@6253c26]" started-at="2025-01-07T20:53:13 IST" name="close" finished-at="2025-01-07T20:53:13 IST" duration-ms="0" status="PASS">
          <reporter-output>
          </reporter-output>
        </test-method> <!-- close -->
      </class> <!-- com.Hrms.tests.TestPIMPage -->
    </test> <!-- Smoke Testing -->
  </suite> <!-- Suite -->
</testng-results>
